Removed Pin From Net: NetName=TEMP_DET Pin=DA3-5
Removed Pin From Net: NetName=BAT_EN Pin=DA3-7
Removed Pin From Net: NetName=V_BAT_SENSE Pin=DA3-8
Removed Pin From Net: NetName=CONTACTOR_INT Pin=DA3-24
Removed Pin From Net: NetName=CONTACTOR_EXT Pin=DA3-25
Removed Pin From Net: NetName=AIR_DAMPER Pin=DA3-26
Removed Pin From Net: NetName=STARTER Pin=DA3-27
Removed Pin From Net: NetName=RESERVE_1 Pin=DA3-28
Removed Pin From Net: NetName=RESERVE_2 Pin=DA3-29
Removed Pin From Net: NetName=NetDA15_5 Pin=DA15-5
Removed Pin From Net: NetName=12V  BAT Pin=J4-2
Removed Pin From Net: NetName=NetDA15_5 Pin=J10-2
Removed Pin From Net: NetName=CONTACTOR_INT Pin=R17-1
Removed Pin From Net: NetName=RESERVE_1 Pin=R18-1
Removed Pin From Net: NetName=RESERVE_2 Pin=R19-1
Removed Pin From Net: NetName=12V  BAT Pin=R31-1
Removed Pin From Net: NetName=V_BAT_SENSE Pin=R31-2
Removed Pin From Net: NetName=V_BAT_SENSE Pin=R32-1
Removed Pin From Net: NetName=12V  BAT Pin=R33-1
Removed Pin From Net: NetName=NetR33_2 Pin=R33-2
Removed Pin From Net: NetName=GND Pin=R34-1
Removed Pin From Net: NetName=NetR34_2 Pin=R34-2
Removed Pin From Net: NetName=BAT_EN Pin=R35-1
Removed Pin From Net: NetName=NetR34_2 Pin=R35-2
Removed Pin From Net: NetName=NetR33_2 Pin=VD1-1
Removed Pin From Net: NetName=12V  BAT Pin=VD1-2
Removed Pin From Net: NetName=+12 Pin=VD2-1
Removed Pin From Net: NetName=+13.5V_PU Pin=VD2-2
Removed Pin From Net: NetName=NetR34_2 Pin=VT7-1
Removed Pin From Net: NetName=NetR33_2 Pin=VT7-2
Removed Pin From Net: NetName=+12 Pin=VT7-3
Change Component Footprint: Designator=R33 Old Footprint=RES-3W New Footprint=RES-0805
Change Footprint: Footprint Not Found SOT23-3
Change Footprint: Footprint Not Found Type 3mm
Change Component Comment : Designator=R32 Old Comment=1K New Comment=300
Change Component Comment : Designator=R33 Old Comment=3W 5.1Ohm New Comment=300
Change Component Comment : Designator=R34 Old Comment=10K New Comment=1K
Change Component Comment : Designator=VT7 Old Comment=MOSFET-N-GDS New Comment=BC847
Added Component: Designator=C7(CAPPOL-12x25)
Add Component: Footprint Not Found 4-SMD
Added Component: Designator=H1(HOLDER 18650X2)
Added Component: Designator=J12(691101710002)
Add component (AddParameter): Name = "Application"; Value = "Pressure Clamp"; VariantName = "[No Variations]"
Add component (AddParameter): Name = "Category"; Value = "Terminal Blocks"; VariantName = "[No Variations]"
Add component (AddParameter): Name = "ComponentLink1Description"; Value = "Website Link"; VariantName = "[No Variations]"
Add component (AddParameter): Name = "ComponentLink1URL"; Value = "https://www.we-online.com/redexpert/article/691101710002?ad"; VariantName = "[No Variations]"
Add component (AddParameter): Name = "ComponentLink2Description"; Value = "Datasheet Link"; VariantName = "[No Variations]"
Add component (AddParameter): Name = "ComponentLink2URL"; Value = "https://www.we-online.com/redexpert/spec/691101710002?ad"; VariantName = "[No Variations]"
Add component (AddParameter): Name = "Manufacturer"; Value = "Wurth Elektronik"; VariantName = "[No Variations]"
Add component (AddParameter): Name = "Manufacturer Part Number"; Value = "691101710002"; VariantName = "[No Variations]"
Add component (AddParameter): Name = "Match Code"; Value = "WR-TBL"; VariantName = "[No Variations]"
Add component (AddParameter): Name = "Modularity"; Value = "Yes"; VariantName = "[No Variations]"
Add component (AddParameter): Name = "Mount"; Value = "Through Hole"; VariantName = "[No Variations]"
Add component (AddParameter): Name = "Number of Pins"; Value = "2"; VariantName = "[No Variations]"
Add component (AddParameter): Name = "Number of Rows"; Value = "1"; VariantName = "[No Variations]"
Add component (AddParameter): Name = "Operating Temperature Max"; Value = "105°C"; VariantName = "[No Variations]"
Add component (AddParameter): Name = "Operating Temperature Min"; Value = "-40°C"; VariantName = "[No Variations]"
Add component (AddParameter): Name = "Orientation"; Value = "Horizontal"; VariantName = "[No Variations]"
Add component (AddParameter): Name = "Packaging"; Value = "Box"; VariantName = "[No Variations]"
Add component (AddParameter): Name = "Pitch"; Value = "5mm"; VariantName = "[No Variations]"
Add component (AddParameter): Name = "Rated Current"; Value = "16A"; VariantName = "[No Variations]"
Add component (AddParameter): Name = "Working Voltage"; Value = "250V"; VariantName = "[No Variations]"
Added Component: Designator=J13(691101710002)
Add component (AddParameter): Name = "Application"; Value = "Pressure Clamp"; VariantName = "[No Variations]"
Add component (AddParameter): Name = "Category"; Value = "Terminal Blocks"; VariantName = "[No Variations]"
Add component (AddParameter): Name = "ComponentLink1Description"; Value = "Website Link"; VariantName = "[No Variations]"
Add component (AddParameter): Name = "ComponentLink1URL"; Value = "https://www.we-online.com/redexpert/article/691101710002?ad"; VariantName = "[No Variations]"
Add component (AddParameter): Name = "ComponentLink2Description"; Value = "Datasheet Link"; VariantName = "[No Variations]"
Add component (AddParameter): Name = "ComponentLink2URL"; Value = "https://www.we-online.com/redexpert/spec/691101710002?ad"; VariantName = "[No Variations]"
Add component (AddParameter): Name = "Manufacturer"; Value = "Wurth Elektronik"; VariantName = "[No Variations]"
Add component (AddParameter): Name = "Manufacturer Part Number"; Value = "691101710002"; VariantName = "[No Variations]"
Add component (AddParameter): Name = "Match Code"; Value = "WR-TBL"; VariantName = "[No Variations]"
Add component (AddParameter): Name = "Modularity"; Value = "Yes"; VariantName = "[No Variations]"
Add component (AddParameter): Name = "Mount"; Value = "Through Hole"; VariantName = "[No Variations]"
Add component (AddParameter): Name = "Number of Pins"; Value = "2"; VariantName = "[No Variations]"
Add component (AddParameter): Name = "Number of Rows"; Value = "1"; VariantName = "[No Variations]"
Add component (AddParameter): Name = "Operating Temperature Max"; Value = "105°C"; VariantName = "[No Variations]"
Add component (AddParameter): Name = "Operating Temperature Min"; Value = "-40°C"; VariantName = "[No Variations]"
Add component (AddParameter): Name = "Orientation"; Value = "Horizontal"; VariantName = "[No Variations]"
Add component (AddParameter): Name = "Packaging"; Value = "Box"; VariantName = "[No Variations]"
Add component (AddParameter): Name = "Pitch"; Value = "5mm"; VariantName = "[No Variations]"
Add component (AddParameter): Name = "Rated Current"; Value = "16A"; VariantName = "[No Variations]"
Add component (AddParameter): Name = "Working Voltage"; Value = "250V"; VariantName = "[No Variations]"
Added Component: Designator=J14(691101710002)
Add component (AddParameter): Name = "Application"; Value = "Pressure Clamp"; VariantName = "[No Variations]"
Add component (AddParameter): Name = "Category"; Value = "Terminal Blocks"; VariantName = "[No Variations]"
Add component (AddParameter): Name = "ComponentLink1Description"; Value = "Website Link"; VariantName = "[No Variations]"
Add component (AddParameter): Name = "ComponentLink1URL"; Value = "https://www.we-online.com/redexpert/article/691101710002?ad"; VariantName = "[No Variations]"
Add component (AddParameter): Name = "ComponentLink2Description"; Value = "Datasheet Link"; VariantName = "[No Variations]"
Add component (AddParameter): Name = "ComponentLink2URL"; Value = "https://www.we-online.com/redexpert/spec/691101710002?ad"; VariantName = "[No Variations]"
Add component (AddParameter): Name = "Manufacturer"; Value = "Wurth Elektronik"; VariantName = "[No Variations]"
Add component (AddParameter): Name = "Manufacturer Part Number"; Value = "691101710002"; VariantName = "[No Variations]"
Add component (AddParameter): Name = "Match Code"; Value = "WR-TBL"; VariantName = "[No Variations]"
Add component (AddParameter): Name = "Modularity"; Value = "Yes"; VariantName = "[No Variations]"
Add component (AddParameter): Name = "Mount"; Value = "Through Hole"; VariantName = "[No Variations]"
Add component (AddParameter): Name = "Number of Pins"; Value = "2"; VariantName = "[No Variations]"
Add component (AddParameter): Name = "Number of Rows"; Value = "1"; VariantName = "[No Variations]"
Add component (AddParameter): Name = "Operating Temperature Max"; Value = "105°C"; VariantName = "[No Variations]"
Add component (AddParameter): Name = "Operating Temperature Min"; Value = "-40°C"; VariantName = "[No Variations]"
Add component (AddParameter): Name = "Orientation"; Value = "Horizontal"; VariantName = "[No Variations]"
Add component (AddParameter): Name = "Packaging"; Value = "Box"; VariantName = "[No Variations]"
Add component (AddParameter): Name = "Pitch"; Value = "5mm"; VariantName = "[No Variations]"
Add component (AddParameter): Name = "Rated Current"; Value = "16A"; VariantName = "[No Variations]"
Add component (AddParameter): Name = "Working Voltage"; Value = "250V"; VariantName = "[No Variations]"
Added Component: Designator=R38(RES-1206)
Added Component: Designator=R39(RES-1206)
Added Component: Designator=R40(RES-1206)
Add Component: Footprint Not Found SF063
Added Component: Designator=R42(RES-0805)
Added Component: Designator=(BMS 2S)
Added Component: Designator=VD17(FR207)
Added Component: Designator=VD18(FR207)
Added Component: Designator=VD19(FR207)
Added Pin To Net: NetName=GND Pin=-4
Added Pin To Net: NetName=+12 Pin=-5
Added Pin To Net: NetName=+13.5V_PU Pin=DA3-1
Added Pin To Net: NetName=12V  BAT Pin=DA3-5
Added Pin To Net: NetName=BAT_EN Pin=DA3-8
Added Pin To Net: NetName=CONTACTOR_INT Pin=DA3-9
Added Pin To Net: NetName=TEMP_DET Pin=DA3-17
Added Pin To Net: NetName=CONTACTOR_EXT Pin=DA3-26
Added Pin To Net: NetName=AIR_DAMPER Pin=DA3-27
Added Pin To Net: NetName=STARTER Pin=DA3-28
Added Pin To Net: NetName=NetDA15_5 Pin=DA3-29
Add Pin To Net: Unknown Pin: Pin DA17-3
Added Pin To Net: NetName=V_BAT_SENSE Pin=J13-1
Added Pin To Net: NetName=+5V_R Pin=J13-2
Added Pin To Net: NetName=GND Pin=J14-1
Added Pin To Net: NetName=GND Pin=J14-2
Added Pin To Net: NetName=+13.5V_PU Pin=R19-1
Added Pin To Net: NetName=RESERVE_2 Pin=R33-1
Added Pin To Net: NetName=V_BAT_SENSE Pin=R33-2
Added Pin To Net: NetName=RESERVE_2 Pin=R34-1
Added Pin To Net: NetName=GND Pin=R34-2
Added Pin To Net: NetName=NetDA15_5 Pin=R35-1
Added Pin To Net: NetName=RESERVE_1 Pin=R35-2
Added Pin To Net: NetName=NetR34_2 Pin=R38-1
Added Pin To Net: NetName=NetR34_2 Pin=R39-1
Added Pin To Net: NetName=NetR33_2 Pin=R39-2
Added Pin To Net: NetName=NetR33_2 Pin=R40-2
Add Pin To Net: Unknown Pin: Pin R41-1
Add Pin To Net: Unknown Pin: Pin R41-2
Add Pin To Net: Unknown Pin: Pin R41-3
Added Pin To Net: NetName=+5V Pin=R42-2
Added Pin To Net: NetName=+12 Pin=VD1-1
Added Pin To Net: NetName=+12PU Pin=VD1-2
Added Pin To Net: NetName=RESERVE_1 Pin=VT7-1
Added Pin To Net: NetName=RESERVE_2 Pin=VT7-2
Added Pin To Net: NetName=+5V Pin=VT7-3
Change Net Name : Old Net Name=+12 New Net Name=+8.4
Change Net Name : Old Net Name=+13.5V_PU New Net Name=STOP
Change Net Name : Old Net Name=12V  BAT New Net Name=SERVO ANGLE
Change Net Name : Old Net Name=BAT_EN New Net Name=SDA
Change Net Name : Old Net Name=CONTACTOR_INT New Net Name=SCL
Change Net Name : Old Net Name=EXT_DET New Net Name=EXT_AC_DET
Change Net Name : Old Net Name=GND_H_INT New Net Name=GND_H_GEN
Change Net Name : Old Net Name=INT_DET New Net Name=GEN_AC_DET
Change Net Name : Old Net Name=L_INTERNAL New Net Name=L_GEN
Change Net Name : Old Net Name=N_INTERNAL New Net Name=N_GEN
Change Net Name : Old Net Name=NetDA15_5 New Net Name=PWM
Change Net Name : Old Net Name=NetR33_2 New Net Name=NetR39_2
Change Net Name : Old Net Name=NetR34_2 New Net Name=NetR38_1
Change Net Name : Old Net Name=RESERVE_1 New Net Name=NetR35_2
Change Net Name : Old Net Name=RESERVE_2 New Net Name=NetR33_1
Change Net Name : Old Net Name=V_BAT_SENSE New Net Name=NetJ13_1
Added Pin To Net: NetName=B+ Pin=-1
Added Pin To Net: NetName=B+ Pin=H1-1
Added Net: Name=B+
Added Pin To Net: NetName=B- Pin=-3
Added Pin To Net: NetName=B- Pin=H1-2
Added Net: Name=B-
Added Pin To Net: NetName=BAT_GEN Pin=DA3-7
Added Pin To Net: NetName=BAT_GEN Pin=R31-2
Added Pin To Net: NetName=BAT_GEN Pin=R32-1
Added Net: Name=BAT_GEN
Added Pin To Net: NetName=BM Pin=-2
Added Pin To Net: NetName=BM Pin=H1-3
Added Pin To Net: NetName=BM Pin=H1-4
Added Net: Name=BM
Added Pin To Net: NetName=CONTACTOR_GEN Pin=DA3-25
Added Pin To Net: NetName=CONTACTOR_GEN Pin=R17-1
Added Net: Name=CONTACTOR_GEN
Added Pin To Net: NetName=FUEL Pin=DA3-30
Added Pin To Net: NetName=FUEL Pin=R18-1
Added Net: Name=FUEL
Added Pin To Net: NetName=GND_H_LOAD Pin=C7-2
Added Pin To Net: NetName=GND_H_LOAD Pin=VD2-2
Added Pin To Net: NetName=GND_H_LOAD Pin=VD17-2
Added Net: Name=GND_H_LOAD
Added Pin To Net: NetName=L_LOAD Pin=J12-2
Added Pin To Net: NetName=L_LOAD Pin=VD2-1
Added Pin To Net: NetName=L_LOAD Pin=VD18-2
Added Net: Name=L_LOAD
Added Pin To Net: NetName=LOAD_AC_DET Pin=DA3-24
Added Pin To Net: NetName=LOAD_AC_DET Pin=R42-1
Added Net: Name=LOAD_AC_DET
Added Pin To Net: NetName=N_LOAD Pin=J12-1
Added Pin To Net: NetName=N_LOAD Pin=VD17-1
Added Pin To Net: NetName=N_LOAD Pin=VD19-2
Added Net: Name=N_LOAD
Added Pin To Net: NetName=NetC7_1 Pin=C7-1
Added Pin To Net: NetName=NetC7_1 Pin=R40-1
Added Pin To Net: NetName=NetC7_1 Pin=VD18-1
Added Pin To Net: NetName=NetC7_1 Pin=VD19-1
Added Net: Name=NetC7_1
Added Pin To Net: NetName=NetDA15_4 Pin=DA15-4
Added Pin To Net: NetName=NetDA15_4 Pin=J10-2
Added Net: Name=NetDA15_4
Added Pin To Net: NetName=NetDA17_1 Pin=R38-2
Added Net: Name=NetDA17_1
Added Pin To Net: NetName=NetJ4_2 Pin=J4-2
Added Pin To Net: NetName=NetJ4_2 Pin=R31-1
Added Net: Name=NetJ4_2
