Change Component Footprint: Designator=D1 Old Footprint=Type 3mm New Footprint=Type 3mm
Change Component Footprint: Designator=D2 Old Footprint=Type 3mm New Footprint=Type 3mm
Change Component Footprint: Designator=D3 Old Footprint=Type 3mm New Footprint=Type 3mm
Change Component Footprint: Designator=D4 Old Footprint=Type 3mm New Footprint=Type 3mm
Change Component Footprint: Designator=D5 Old Footprint=Type 3mm New Footprint=Type 3mm
Added Component: Designator=DA1(4-SMD)
Added Component: Designator=DA2(4-SMD)
Add Component: Footprint Not Found ARDUINO_NANO
Added Component: Designator=DA4(4-SMD)
Added Component: Designator=DA5(4-SMD)
Added Component: Designator=DA6(4-SMD)
Added Component: Designator=DA7(4-SMD)
Added Component: Designator=DA8(4-SMD)
Added Component: Designator=DA9(4-SMD)
Add Component: Footprint Not Found SRD-05VDC
Add Component: Footprint Not Found SRD-05VDC
Add Component: Footprint Not Found SRD-05VDC
Add Component: Footprint Not Found SRD-05VDC
Add Component: Footprint Not Found SRD-05VDC
Add Component: Footprint Not Found SRD-05VDC
Add Component: Footprint Not Found SOT23-3
Add Component: Footprint Not Found SOT23-3
Add Component: Footprint Not Found SOT23-3
Add Component: Footprint Not Found SOT23-3
Add Component: Footprint Not Found SOT23-3
Add Component: Footprint Not Found SOT23-3
Added Pin To Net: NetName=NetDA1_1 Pin=DA1-1
Added Pin To Net: NetName=GND_H_EXT Pin=DA1-2
Added Pin To Net: NetName=GND Pin=DA1-3
Added Pin To Net: NetName=EXT_DET Pin=DA1-4
Added Pin To Net: NetName=NetDA2_1 Pin=DA2-1
Added Pin To Net: NetName=GND_H_INT Pin=DA2-2
Added Pin To Net: NetName=GND Pin=DA2-3
Added Pin To Net: NetName=INT_DET Pin=DA2-4
Add Pin To Net: Unknown Pin: Pin DA3-4
Add Pin To Net: Unknown Pin: Pin DA3-5
Add Pin To Net: Unknown Pin: Pin DA3-12
Add Pin To Net: Unknown Pin: Pin DA3-14
Add Pin To Net: Unknown Pin: Pin DA3-15
Add Pin To Net: Unknown Pin: Pin DA3-19
Add Pin To Net: Unknown Pin: Pin DA3-22
Add Pin To Net: Unknown Pin: Pin DA3-23
Add Pin To Net: Unknown Pin: Pin DA3-24
Add Pin To Net: Unknown Pin: Pin DA3-25
Add Pin To Net: Unknown Pin: Pin DA3-26
Add Pin To Net: Unknown Pin: Pin DA3-27
Added Pin To Net: NetName=NetDA4_1 Pin=DA4-1
Added Pin To Net: NetName=GND Pin=DA4-2
Added Pin To Net: NetName=NetDA4_3 Pin=DA4-3
Added Pin To Net: NetName=+12 Pin=DA4-4
Added Pin To Net: NetName=NetDA5_1 Pin=DA5-1
Added Pin To Net: NetName=GND Pin=DA5-2
Added Pin To Net: NetName=NetDA5_3 Pin=DA5-3
Added Pin To Net: NetName=+12 Pin=DA5-4
Added Pin To Net: NetName=NetDA6_1 Pin=DA6-1
Added Pin To Net: NetName=GND Pin=DA6-2
Added Pin To Net: NetName=NetDA6_3 Pin=DA6-3
Added Pin To Net: NetName=+12 Pin=DA6-4
Added Pin To Net: NetName=NetDA7_1 Pin=DA7-1
Added Pin To Net: NetName=GND Pin=DA7-2
Added Pin To Net: NetName=NetDA7_3 Pin=DA7-3
Added Pin To Net: NetName=+12 Pin=DA7-4
Added Pin To Net: NetName=NetDA8_1 Pin=DA8-1
Added Pin To Net: NetName=GND Pin=DA8-2
Added Pin To Net: NetName=NetDA8_3 Pin=DA8-3
Added Pin To Net: NetName=+12 Pin=DA8-4
Added Pin To Net: NetName=NetDA9_1 Pin=DA9-1
Added Pin To Net: NetName=GND Pin=DA9-2
Added Pin To Net: NetName=NetDA9_3 Pin=DA9-3
Added Pin To Net: NetName=+12 Pin=DA9-4
Add Pin To Net: Unknown Pin: Pin DA10-1
Add Pin To Net: Unknown Pin: Pin DA10-2
Add Pin To Net: Unknown Pin: Pin DA10-3
Add Pin To Net: Unknown Pin: Pin DA10-5
Add Pin To Net: Unknown Pin: Pin DA11-1
Add Pin To Net: Unknown Pin: Pin DA11-2
Add Pin To Net: Unknown Pin: Pin DA11-3
Add Pin To Net: Unknown Pin: Pin DA11-5
Add Pin To Net: Unknown Pin: Pin DA12-1
Add Pin To Net: Unknown Pin: Pin DA12-2
Add Pin To Net: Unknown Pin: Pin DA12-3
Add Pin To Net: Unknown Pin: Pin DA12-5
Add Pin To Net: Unknown Pin: Pin DA13-1
Add Pin To Net: Unknown Pin: Pin DA13-2
Add Pin To Net: Unknown Pin: Pin DA13-3
Add Pin To Net: Unknown Pin: Pin DA13-5
Add Pin To Net: Unknown Pin: Pin DA14-1
Add Pin To Net: Unknown Pin: Pin DA14-2
Add Pin To Net: Unknown Pin: Pin DA14-3
Add Pin To Net: Unknown Pin: Pin DA14-5
Add Pin To Net: Unknown Pin: Pin DA15-1
Add Pin To Net: Unknown Pin: Pin DA15-2
Add Pin To Net: Unknown Pin: Pin DA15-3
Add Pin To Net: Unknown Pin: Pin DA15-5
Add Pin To Net: Unknown Pin: Pin VT1-1
Add Pin To Net: Unknown Pin: Pin VT1-2
Add Pin To Net: Unknown Pin: Pin VT1-3
Add Pin To Net: Unknown Pin: Pin VT2-1
Add Pin To Net: Unknown Pin: Pin VT2-2
Add Pin To Net: Unknown Pin: Pin VT2-3
Add Pin To Net: Unknown Pin: Pin VT3-1
Add Pin To Net: Unknown Pin: Pin VT3-2
Add Pin To Net: Unknown Pin: Pin VT3-3
Add Pin To Net: Unknown Pin: Pin VT4-1
Add Pin To Net: Unknown Pin: Pin VT4-2
Add Pin To Net: Unknown Pin: Pin VT4-3
Add Pin To Net: Unknown Pin: Pin VT5-1
Add Pin To Net: Unknown Pin: Pin VT5-2
Add Pin To Net: Unknown Pin: Pin VT5-3
Add Pin To Net: Unknown Pin: Pin VT6-1
Add Pin To Net: Unknown Pin: Pin VT6-2
Add Pin To Net: Unknown Pin: Pin VT6-3
