Removed Pin From Net: NetName=L_LOAD Pin=VD2-1
Removed Pin From Net: NetName=GND_H_LOAD Pin=VD2-2
Removed Pin From Net: NetName=L_EXTERNAL Pin=VD3-1
Removed Pin From Net: NetName=GND_H_EXT Pin=VD3-2
Removed Pin From Net: NetName=N_EXTERNAL Pin=VD4-1
Removed Pin From Net: NetName=GND_H_EXT Pin=VD4-2
Removed Pin From Net: NetName=L_GEN Pin=VD5-1
Removed Pin From Net: NetName=GND_H_GEN Pin=VD5-2
Removed Pin From Net: NetName=N_GEN Pin=VD6-1
Removed Pin From Net: NetName=GND_H_GEN Pin=VD6-2
Removed Pin From Net: NetName=NetC1_1 Pin=VD7-1
Removed Pin From Net: NetName=L_EXTERNAL Pin=VD7-2
Removed Pin From Net: NetName=NetC1_1 Pin=VD8-1
Removed Pin From Net: NetName=N_EXTERNAL Pin=VD8-2
Removed Pin From Net: NetName=NetC2_1 Pin=VD9-1
Removed Pin From Net: NetName=L_GEN Pin=VD9-2
Removed Pin From Net: NetName=NetC2_1 Pin=VD10-1
Removed Pin From Net: NetName=N_GEN Pin=VD10-2
Removed Pin From Net: NetName=N_LOAD Pin=VD17-1
Removed Pin From Net: NetName=GND_H_LOAD Pin=VD17-2
Removed Pin From Net: NetName=NetC7_1 Pin=VD18-1
Removed Pin From Net: NetName=L_LOAD Pin=VD18-2
Removed Pin From Net: NetName=NetC7_1 Pin=VD19-1
Removed Pin From Net: NetName=N_LOAD Pin=VD19-2
Added Component: Designator=D7(RS40X)
Added Component: Designator=D8(RS40X)
Added Component: Designator=D9(RS40X)
Add Component: Footprint Not Found SF063
Added Component: Designator=R43(RES-0805)
Added Pin To Net: NetName=GND_H_EXT Pin=D7-1
Added Pin To Net: NetName=L_EXTERNAL Pin=D7-2
Added Pin To Net: NetName=N_EXTERNAL Pin=D7-3
Added Pin To Net: NetName=NetC1_1 Pin=D7-4
Added Pin To Net: NetName=GND_H_GEN Pin=D8-1
Added Pin To Net: NetName=L_GEN Pin=D8-2
Added Pin To Net: NetName=N_GEN Pin=D8-3
Added Pin To Net: NetName=NetC2_1 Pin=D8-4
Added Pin To Net: NetName=GND_H_LOAD Pin=D9-1
Added Pin To Net: NetName=L_LOAD Pin=D9-2
Added Pin To Net: NetName=N_LOAD Pin=D9-3
Added Pin To Net: NetName=NetC7_1 Pin=D9-4
Add Pin To Net: Unknown Pin: Pin R41-1
Add Pin To Net: Unknown Pin: Pin R41-2
Add Pin To Net: Unknown Pin: Pin R41-3
Added Pin To Net: NetName=TEMP_DET Pin=R43-1
Added Pin To Net: NetName=NetJ5_2 Pin=R43-2
