Removed Pin From Net: NetName=NetJ13_1 Pin=J13-1
Removed Pin From Net: NetName=+5V_R Pin=J13-2
Change Component Footprint: Designator=J13 Old Footprint=691101710002 New Footprint=691101710003
Change Component Comment : Designator=J13 Old Comment=691101710002 New Comment=691101710003
Change component parameters: Designator = "J13" ("J13"); Footprint = "691101710002"; UniqueID = "\HYATSZGS" ("\HYATSZGS")
Change component parameters (AddParameter): Name = "Application"; Value = "Pressure Clamp"; VariantName = "[No Variations]"
Change component parameters (AddParameter): Name = "Category"; Value = "Terminal Blocks"; VariantName = "[No Variations]"
Change component parameters (AddParameter): Name = "ComponentLink1Description"; Value = "Website Link"; VariantName = "[No Variations]"
Change component parameters (AddParameter): Name = "ComponentLink1URL"; Value = "https://www.we-online.com/redexpert/article/691101710003?ad"; VariantName = "[No Variations]"
Change component parameters (AddParameter): Name = "ComponentLink2Description"; Value = "Datasheet Link"; VariantName = "[No Variations]"
Change component parameters (AddParameter): Name = "ComponentLink2URL"; Value = "https://www.we-online.com/redexpert/spec/691101710003?ad"; VariantName = "[No Variations]"
Change component parameters (AddParameter): Name = "Manufacturer"; Value = "Wurth Elektronik"; VariantName = "[No Variations]"
Change component parameters (AddParameter): Name = "Manufacturer Part Number"; Value = "691101710003"; VariantName = "[No Variations]"
Change component parameters (AddParameter): Name = "Match Code"; Value = "WR-TBL"; VariantName = "[No Variations]"
Change component parameters (AddParameter): Name = "Modularity"; Value = "Yes"; VariantName = "[No Variations]"
Change component parameters (AddParameter): Name = "Mount"; Value = "Through Hole"; VariantName = "[No Variations]"
Change component parameters (AddParameter): Name = "Number of Pins"; Value = "3"; VariantName = "[No Variations]"
Change component parameters (AddParameter): Name = "Number of Rows"; Value = "1"; VariantName = "[No Variations]"
Change component parameters (AddParameter): Name = "Operating Temperature Max"; Value = "105°C"; VariantName = "[No Variations]"
Change component parameters (AddParameter): Name = "Operating Temperature Min"; Value = "-40°C"; VariantName = "[No Variations]"
Change component parameters (AddParameter): Name = "Orientation"; Value = "Horizontal"; VariantName = "[No Variations]"
Change component parameters (AddParameter): Name = "Packaging"; Value = "Box"; VariantName = "[No Variations]"
Change component parameters (AddParameter): Name = "Pitch"; Value = "5mm"; VariantName = "[No Variations]"
Change component parameters (AddParameter): Name = "Rated Current"; Value = "16A"; VariantName = "[No Variations]"
Change component parameters (AddParameter): Name = "Working Voltage"; Value = "250V"; VariantName = "[No Variations]"
Added Pin To Net: NetName=GND Pin=J13-1
Added Pin To Net: NetName=NetJ13_1 Pin=J13-2
Added Pin To Net: NetName=+5V_R Pin=J13-3
Change Net Name : Old Net Name=NetJ13_1 New Net Name=NetJ13_2
