Add Component: Footprint Not Found ARDUINO_NANO
Add Component: Footprint Not Found SRD-05VDC
Add Component: Footprint Not Found SRD-05VDC
Add Component: Footprint Not Found SRD-05VDC
Add Component: Footprint Not Found SRD-05VDC
Add Component: Footprint Not Found SRD-05VDC
Add Component: Footprint Not Found SRD-05VDC
Added Component: Designator=VT1(SOT23-3)
Added Component: Designator=VT2(SOT23-3)
Added Component: Designator=VT3(SOT23-3)
Added Component: Designator=VT4(SOT23-3)
Added Component: Designator=VT5(SOT23-3)
Added Component: Designator=VT6(SOT23-3)
Add Pin To Net: Unknown Pin: Pin DA3-4
Add Pin To Net: Unknown Pin: Pin DA3-5
Add Pin To Net: Unknown Pin: Pin DA3-12
Add Pin To Net: Unknown Pin: Pin DA3-14
Add Pin To Net: Unknown Pin: Pin DA3-15
Add Pin To Net: Unknown Pin: Pin DA3-19
Add Pin To Net: Unknown Pin: Pin DA3-22
Add Pin To Net: Unknown Pin: Pin DA3-23
Add Pin To Net: Unknown Pin: Pin DA3-24
Add Pin To Net: Unknown Pin: Pin DA3-25
Add Pin To Net: Unknown Pin: Pin DA3-26
Add Pin To Net: Unknown Pin: Pin DA3-27
Add Pin To Net: Unknown Pin: Pin DA10-1
Add Pin To Net: Unknown Pin: Pin DA10-2
Add Pin To Net: Unknown Pin: Pin DA10-3
Add Pin To Net: Unknown Pin: Pin DA10-5
Add Pin To Net: Unknown Pin: Pin DA11-1
Add Pin To Net: Unknown Pin: Pin DA11-2
Add Pin To Net: Unknown Pin: Pin DA11-3
Add Pin To Net: Unknown Pin: Pin DA11-5
Add Pin To Net: Unknown Pin: Pin DA12-1
Add Pin To Net: Unknown Pin: Pin DA12-2
Add Pin To Net: Unknown Pin: Pin DA12-3
Add Pin To Net: Unknown Pin: Pin DA12-5
Add Pin To Net: Unknown Pin: Pin DA13-1
Add Pin To Net: Unknown Pin: Pin DA13-2
Add Pin To Net: Unknown Pin: Pin DA13-3
Add Pin To Net: Unknown Pin: Pin DA13-5
Add Pin To Net: Unknown Pin: Pin DA14-1
Add Pin To Net: Unknown Pin: Pin DA14-2
Add Pin To Net: Unknown Pin: Pin DA14-3
Add Pin To Net: Unknown Pin: Pin DA14-5
Add Pin To Net: Unknown Pin: Pin DA15-1
Add Pin To Net: Unknown Pin: Pin DA15-2
Add Pin To Net: Unknown Pin: Pin DA15-3
Add Pin To Net: Unknown Pin: Pin DA15-5
Added Pin To Net: NetName=NetR20_2 Pin=VT1-1
Added Pin To Net: NetName=GND Pin=VT1-2
Added Pin To Net: NetName=NetDA10_2 Pin=VT1-3
Added Pin To Net: NetName=NetR21_2 Pin=VT2-1
Added Pin To Net: NetName=GND Pin=VT2-2
Added Pin To Net: NetName=NetDA11_2 Pin=VT2-3
Added Pin To Net: NetName=NetR22_2 Pin=VT3-1
Added Pin To Net: NetName=GND Pin=VT3-2
Added Pin To Net: NetName=NetDA12_2 Pin=VT3-3
Added Pin To Net: NetName=NetR23_2 Pin=VT4-1
Added Pin To Net: NetName=GND Pin=VT4-2
Added Pin To Net: NetName=NetDA13_2 Pin=VT4-3
Added Pin To Net: NetName=NetR24_2 Pin=VT5-1
Added Pin To Net: NetName=GND Pin=VT5-2
Added Pin To Net: NetName=NetDA14_2 Pin=VT5-3
Added Pin To Net: NetName=NetR25_2 Pin=VT6-1
Added Pin To Net: NetName=GND Pin=VT6-2
Added Pin To Net: NetName=NetDA15_2 Pin=VT6-3
