Removed Pin From Net: NetName=GND Pin=SW1-A1
Removed Pin From Net: NetName=GND Pin=SW1-A2
Removed Pin From Net: NetName=BTN_A Pin=SW1-B1
Removed Pin From Net: NetName=BTN_A Pin=SW1-B2
Removed Pin From Net: NetName=GND Pin=SW2-A1
Removed Pin From Net: NetName=GND Pin=SW2-A2
Removed Pin From Net: NetName=BTN_B Pin=SW2-B1
Removed Pin From Net: NetName=BTN_B Pin=SW2-B2
Removed Pin From Net: NetName=GND Pin=SW3-A1
Removed Pin From Net: NetName=GND Pin=SW3-A2
Removed Pin From Net: NetName=BTN_C Pin=SW3-B1
Removed Pin From Net: NetName=BTN_C Pin=SW3-B2
Added Component: Designator=X1(CONN-PLS-2-2.54mm)
Add component (AddParameter): Name = "ComponentLink1Description"; Value = "Database URL"; VariantName = "[No Variations]"
Add component (AddParameter): Name = "ComponentLink1URL"; Value = "http://el.udtech.dev/component/1048/detail"; VariantName = "[No Variations]"
Add component (AddParameter): Name = "ID"; Value = "X-00067"; VariantName = "[No Variations]"
Add component (AddParameter): Name = "In Stock"; Value = "0"; VariantName = "[No Variations]"
Add component (AddParameter): Name = "Part Number"; Value = "PLS-2"; VariantName = "[No Variations]"
Add component (AddParameter): Name = "Value"; Value = "PLS-2"; VariantName = "[No Variations]"
Added Component: Designator=X2(CONN-PLS-2-2.54mm)
Add component (AddParameter): Name = "ComponentLink1Description"; Value = "Database URL"; VariantName = "[No Variations]"
Add component (AddParameter): Name = "ComponentLink1URL"; Value = "http://el.udtech.dev/component/1048/detail"; VariantName = "[No Variations]"
Add component (AddParameter): Name = "ID"; Value = "X-00067"; VariantName = "[No Variations]"
Add component (AddParameter): Name = "In Stock"; Value = "0"; VariantName = "[No Variations]"
Add component (AddParameter): Name = "Part Number"; Value = "PLS-2"; VariantName = "[No Variations]"
Add component (AddParameter): Name = "Value"; Value = "PLS-2"; VariantName = "[No Variations]"
Added Component: Designator=X3(CONN-PLS-2-2.54mm)
Add component (AddParameter): Name = "ComponentLink1Description"; Value = "Database URL"; VariantName = "[No Variations]"
Add component (AddParameter): Name = "ComponentLink1URL"; Value = "http://el.udtech.dev/component/1048/detail"; VariantName = "[No Variations]"
Add component (AddParameter): Name = "ID"; Value = "X-00067"; VariantName = "[No Variations]"
Add component (AddParameter): Name = "In Stock"; Value = "0"; VariantName = "[No Variations]"
Add component (AddParameter): Name = "Part Number"; Value = "PLS-2"; VariantName = "[No Variations]"
Add component (AddParameter): Name = "Value"; Value = "PLS-2"; VariantName = "[No Variations]"
Added Pin To Net: NetName=GND Pin=X1-1
Added Pin To Net: NetName=BTN_A Pin=X1-2
Added Pin To Net: NetName=GND Pin=X2-1
Added Pin To Net: NetName=BTN_B Pin=X2-2
Added Pin To Net: NetName=GND Pin=X3-1
Added Pin To Net: NetName=BTN_C Pin=X3-2
