Added Component: Designator=C1(CAP 225J 400V)
Added Component: Designator=C2(CAP 225J 400V)
Added Component: Designator=L(Test_Point)
Added Component: Designator=N(Test_Point)
Added Component: Designator=R1(RES_VAR)
Added Component: Designator=R2(RES025W)
Added Component: Designator=R3(RES025W)
Added Component: Designator=R4(RES1W)
Added Component: Designator=(BMS 2S)
Added Component: Designator=VD1(FR207)
Added Component: Designator=VD2(FR207)
Added Component: Designator=VT1(TO-220-3)
Added Pin To Net: NetName=+8.4 Pin=-1
Added Pin To Net: NetName=+8.4 Pin=-1
Added Pin To Net: NetName=+5V_R Pin=-2
Added Pin To Net: NetName=+5V_R Pin=-2
Added Pin To Net: NetName=+5V_R Pin=C1-2
Added Pin To Net: NetName=+5V_R Pin=C2-2
Added Pin To Net: NetName=+8.4 Pin=L-1
Added Pin To Net: NetName=+5V Pin=N-1
Added Pin To Net: NetName=+5V Pin=R1-5
Change Net Name : Old Net Name=+5V New Net Name=NetN_1
Change Net Name : Old Net Name=+5V_R New Net Name=Net_2
Change Net Name : Old Net Name=+8.4 New Net Name=Net_1
