Change Component Comment : Designator=R4 Old Comment=RES_VAR_1 New Comment=47K
Change Component Comment : Designator=R5 Old Comment=RES_VAR_2 New Comment=220K
Change Component Designator: OldDesignator=DD2 NewDesignator=D2
Change Component Designator: OldDesignator=DD3 NewDesignator=D8
Change Component Designator: OldDesignator=DD4 NewDesignator=D4
Change Component Designator: OldDesignator=R4 NewDesignator=R101
Change Component Designator: OldDesignator=R5 NewDesignator=R64
Added Component: Designator=C3(CAPPOL8x12)
Added Component: Designator=C4(CAPPOL8x12)
Added Component: Designator=C5(CAPPOL8x12)
Added Component: Designator=C6(CAPPOL8x12)
Added Component: Designator=C8(CAP-0805)
Added Component: Designator=C9(CAP-0805)
Added Component: Designator=C11(CAP-0805)
Added Component: Designator=C12(CAP-0805)
Added Component: Designator=C13(CAP-0805)
Added Component: Designator=C14(CAP-0805)
Added Component: Designator=C?(CAP-0805)
Added Component: Designator=C?(CAP-0805)
Added Component: Designator=D1(DIP14)
Added Component: Designator=D5(DIP14)
Added Component: Designator=D9(DIP14)
Added Component: Designator=D10(DIP14)
Added Component: Designator=D11(DIP14)
Added Component: Designator=D12(DIP14)
Added Component: Designator=D13(DIP14)
Added Component: Designator=D14(DIP14)
Added Component: Designator=DD?(6.3_Audio_Jack)
Added Component: Designator=R4(RES_VAR_1)
Added Component: Designator=R8(RES_VAR_1)
Added Component: Designator=R16(RES_VAR_1)
Added Component: Designator=R23(RES_VAR_1)
Added Component: Designator=R26(RES_VAR_RM-065)
Added Component: Designator=R27XX(RES_VAR_RM-065)
Added Component: Designator=R29(RES_VAR_1)
Added Component: Designator=R32(RES_VAR_1)
Added Component: Designator=R46(RES_VAR_1)
Added Component: Designator=R47(RES_VAR_RM-065)
Added Component: Designator=R48(RES_VAR_RM-065)
Added Component: Designator=R53(RES_VAR_RM-065)
Added Component: Designator=R55(RES_VAR_RM-065)
Added Component: Designator=R59(RES_VAR_1)
Added Component: Designator=R62(RES_VAR_RM-065)
Added Component: Designator=R65(RES_VAR_RM-065)
Added Component: Designator=R81(RES_VAR_RM-065)
Added Component: Designator=R84(RES_VAR_RM-065)
Added Component: Designator=R85(RES_VAR_RM-065)
Added Component: Designator=R94(RES_VAR_1)
Added Component: Designator=R97(RES_VAR_1)
Added Component: Designator=VD?(SOD-123)
Add component (AddParameter): Name = "ComponentLink1Description"; Value = "Database URL"; VariantName = "[No Variations]"
Add component (AddParameter): Name = "ComponentLink1URL"; Value = "http://el.udtech.dev/component/423/detail"; VariantName = "[No Variations]"
Add component (AddParameter): Name = "ID"; Value = "D-00009"; VariantName = "[No Variations]"
Add component (AddParameter): Name = "In Stock"; Value = "3"; VariantName = "[No Variations]"
Add component (AddParameter): Name = "Manufacturer"; Value = "STMicroelectronics"; VariantName = "[No Variations]"
Add component (AddParameter): Name = "Part Number"; Value = "STPS0520Z"; VariantName = "[No Variations]"
Add component (AddParameter): Name = "Value"; Value = "STPS0520Z"; VariantName = "[No Variations]"
Added Component: Designator=VD?(SOD-123)
Add component (AddParameter): Name = "ComponentLink1Description"; Value = "Database URL"; VariantName = "[No Variations]"
Add component (AddParameter): Name = "ComponentLink1URL"; Value = "http://el.udtech.dev/component/423/detail"; VariantName = "[No Variations]"
Add component (AddParameter): Name = "ID"; Value = "D-00009"; VariantName = "[No Variations]"
Add component (AddParameter): Name = "In Stock"; Value = "3"; VariantName = "[No Variations]"
Add component (AddParameter): Name = "Manufacturer"; Value = "STMicroelectronics"; VariantName = "[No Variations]"
Add component (AddParameter): Name = "Part Number"; Value = "STPS0520Z"; VariantName = "[No Variations]"
Add component (AddParameter): Name = "Value"; Value = "STPS0520Z"; VariantName = "[No Variations]"
Added Component: Designator=VD?(SOD-123)
Add component (AddParameter): Name = "ComponentLink1Description"; Value = "Database URL"; VariantName = "[No Variations]"
Add component (AddParameter): Name = "ComponentLink1URL"; Value = "http://el.udtech.dev/component/423/detail"; VariantName = "[No Variations]"
Add component (AddParameter): Name = "ID"; Value = "D-00009"; VariantName = "[No Variations]"
Add component (AddParameter): Name = "In Stock"; Value = "3"; VariantName = "[No Variations]"
Add component (AddParameter): Name = "Manufacturer"; Value = "STMicroelectronics"; VariantName = "[No Variations]"
Add component (AddParameter): Name = "Part Number"; Value = "STPS0520Z"; VariantName = "[No Variations]"
Add component (AddParameter): Name = "Value"; Value = "STPS0520Z"; VariantName = "[No Variations]"
Added Component: Designator=VD?(SOD-123)
Add component (AddParameter): Name = "ComponentLink1Description"; Value = "Database URL"; VariantName = "[No Variations]"
Add component (AddParameter): Name = "ComponentLink1URL"; Value = "http://el.udtech.dev/component/423/detail"; VariantName = "[No Variations]"
Add component (AddParameter): Name = "ID"; Value = "D-00009"; VariantName = "[No Variations]"
Add component (AddParameter): Name = "In Stock"; Value = "3"; VariantName = "[No Variations]"
Add component (AddParameter): Name = "Manufacturer"; Value = "STMicroelectronics"; VariantName = "[No Variations]"
Add component (AddParameter): Name = "Part Number"; Value = "STPS0520Z"; VariantName = "[No Variations]"
Add component (AddParameter): Name = "Value"; Value = "STPS0520Z"; VariantName = "[No Variations]"
Added Component: Designator=VD?(SOD-123)
Add component (AddParameter): Name = "ComponentLink1Description"; Value = "Database URL"; VariantName = "[No Variations]"
Add component (AddParameter): Name = "ComponentLink1URL"; Value = "http://el.udtech.dev/component/423/detail"; VariantName = "[No Variations]"
Add component (AddParameter): Name = "ID"; Value = "D-00009"; VariantName = "[No Variations]"
Add component (AddParameter): Name = "In Stock"; Value = "3"; VariantName = "[No Variations]"
Add component (AddParameter): Name = "Manufacturer"; Value = "STMicroelectronics"; VariantName = "[No Variations]"
Add component (AddParameter): Name = "Part Number"; Value = "STPS0520Z"; VariantName = "[No Variations]"
Add component (AddParameter): Name = "Value"; Value = "STPS0520Z"; VariantName = "[No Variations]"
Added Component: Designator=VD?(SOD-123)
Add component (AddParameter): Name = "ComponentLink1Description"; Value = "Database URL"; VariantName = "[No Variations]"
Add component (AddParameter): Name = "ComponentLink1URL"; Value = "http://el.udtech.dev/component/423/detail"; VariantName = "[No Variations]"
Add component (AddParameter): Name = "ID"; Value = "D-00009"; VariantName = "[No Variations]"
Add component (AddParameter): Name = "In Stock"; Value = "3"; VariantName = "[No Variations]"
Add component (AddParameter): Name = "Manufacturer"; Value = "STMicroelectronics"; VariantName = "[No Variations]"
Add component (AddParameter): Name = "Part Number"; Value = "STPS0520Z"; VariantName = "[No Variations]"
Add component (AddParameter): Name = "Value"; Value = "STPS0520Z"; VariantName = "[No Variations]"
Added Component: Designator=VD?(SOD-123)
Add component (AddParameter): Name = "ComponentLink1Description"; Value = "Database URL"; VariantName = "[No Variations]"
Add component (AddParameter): Name = "ComponentLink1URL"; Value = "http://el.udtech.dev/component/423/detail"; VariantName = "[No Variations]"
Add component (AddParameter): Name = "ID"; Value = "D-00009"; VariantName = "[No Variations]"
Add component (AddParameter): Name = "In Stock"; Value = "3"; VariantName = "[No Variations]"
Add component (AddParameter): Name = "Manufacturer"; Value = "STMicroelectronics"; VariantName = "[No Variations]"
Add component (AddParameter): Name = "Part Number"; Value = "STPS0520Z"; VariantName = "[No Variations]"
Add component (AddParameter): Name = "Value"; Value = "STPS0520Z"; VariantName = "[No Variations]"
Added Component: Designator=VD?(SOD-123)
Add component (AddParameter): Name = "ComponentLink1Description"; Value = "Database URL"; VariantName = "[No Variations]"
Add component (AddParameter): Name = "ComponentLink1URL"; Value = "http://el.udtech.dev/component/423/detail"; VariantName = "[No Variations]"
Add component (AddParameter): Name = "ID"; Value = "D-00009"; VariantName = "[No Variations]"
Add component (AddParameter): Name = "In Stock"; Value = "3"; VariantName = "[No Variations]"
Add component (AddParameter): Name = "Manufacturer"; Value = "STMicroelectronics"; VariantName = "[No Variations]"
Add component (AddParameter): Name = "Part Number"; Value = "STPS0520Z"; VariantName = "[No Variations]"
Add component (AddParameter): Name = "Value"; Value = "STPS0520Z"; VariantName = "[No Variations]"
Added Component: Designator=VD?(SOD-123)
Add component (AddParameter): Name = "ComponentLink1Description"; Value = "Database URL"; VariantName = "[No Variations]"
Add component (AddParameter): Name = "ComponentLink1URL"; Value = "http://el.udtech.dev/component/423/detail"; VariantName = "[No Variations]"
Add component (AddParameter): Name = "ID"; Value = "D-00009"; VariantName = "[No Variations]"
Add component (AddParameter): Name = "In Stock"; Value = "3"; VariantName = "[No Variations]"
Add component (AddParameter): Name = "Manufacturer"; Value = "STMicroelectronics"; VariantName = "[No Variations]"
Add component (AddParameter): Name = "Part Number"; Value = "STPS0520Z"; VariantName = "[No Variations]"
Add component (AddParameter): Name = "Value"; Value = "STPS0520Z"; VariantName = "[No Variations]"
Added Component: Designator=VD?(SOD-123)
Add component (AddParameter): Name = "ComponentLink1Description"; Value = "Database URL"; VariantName = "[No Variations]"
Add component (AddParameter): Name = "ComponentLink1URL"; Value = "http://el.udtech.dev/component/423/detail"; VariantName = "[No Variations]"
Add component (AddParameter): Name = "ID"; Value = "D-00009"; VariantName = "[No Variations]"
Add component (AddParameter): Name = "In Stock"; Value = "3"; VariantName = "[No Variations]"
Add component (AddParameter): Name = "Manufacturer"; Value = "STMicroelectronics"; VariantName = "[No Variations]"
Add component (AddParameter): Name = "Part Number"; Value = "STPS0520Z"; VariantName = "[No Variations]"
Add component (AddParameter): Name = "Value"; Value = "STPS0520Z"; VariantName = "[No Variations]"
Added Component: Designator=VD?(SOD-123)
Add component (AddParameter): Name = "ComponentLink1Description"; Value = "Database URL"; VariantName = "[No Variations]"
Add component (AddParameter): Name = "ComponentLink1URL"; Value = "http://el.udtech.dev/component/423/detail"; VariantName = "[No Variations]"
Add component (AddParameter): Name = "ID"; Value = "D-00009"; VariantName = "[No Variations]"
Add component (AddParameter): Name = "In Stock"; Value = "3"; VariantName = "[No Variations]"
Add component (AddParameter): Name = "Manufacturer"; Value = "STMicroelectronics"; VariantName = "[No Variations]"
Add component (AddParameter): Name = "Part Number"; Value = "STPS0520Z"; VariantName = "[No Variations]"
Add component (AddParameter): Name = "Value"; Value = "STPS0520Z"; VariantName = "[No Variations]"
Added Component: Designator=VD?(SOD-123)
Add component (AddParameter): Name = "ComponentLink1Description"; Value = "Database URL"; VariantName = "[No Variations]"
Add component (AddParameter): Name = "ComponentLink1URL"; Value = "http://el.udtech.dev/component/423/detail"; VariantName = "[No Variations]"
Add component (AddParameter): Name = "ID"; Value = "D-00009"; VariantName = "[No Variations]"
Add component (AddParameter): Name = "In Stock"; Value = "3"; VariantName = "[No Variations]"
Add component (AddParameter): Name = "Manufacturer"; Value = "STMicroelectronics"; VariantName = "[No Variations]"
Add component (AddParameter): Name = "Part Number"; Value = "STPS0520Z"; VariantName = "[No Variations]"
Add component (AddParameter): Name = "Value"; Value = "STPS0520Z"; VariantName = "[No Variations]"
Added Component: Designator=VD?(SOD-123)
Add component (AddParameter): Name = "ComponentLink1Description"; Value = "Database URL"; VariantName = "[No Variations]"
Add component (AddParameter): Name = "ComponentLink1URL"; Value = "http://el.udtech.dev/component/423/detail"; VariantName = "[No Variations]"
Add component (AddParameter): Name = "ID"; Value = "D-00009"; VariantName = "[No Variations]"
Add component (AddParameter): Name = "In Stock"; Value = "3"; VariantName = "[No Variations]"
Add component (AddParameter): Name = "Manufacturer"; Value = "STMicroelectronics"; VariantName = "[No Variations]"
Add component (AddParameter): Name = "Part Number"; Value = "STPS0520Z"; VariantName = "[No Variations]"
Add component (AddParameter): Name = "Value"; Value = "STPS0520Z"; VariantName = "[No Variations]"
Added Component: Designator=VD?(SOD-123)
Add component (AddParameter): Name = "ComponentLink1Description"; Value = "Database URL"; VariantName = "[No Variations]"
Add component (AddParameter): Name = "ComponentLink1URL"; Value = "http://el.udtech.dev/component/423/detail"; VariantName = "[No Variations]"
Add component (AddParameter): Name = "ID"; Value = "D-00009"; VariantName = "[No Variations]"
Add component (AddParameter): Name = "In Stock"; Value = "3"; VariantName = "[No Variations]"
Add component (AddParameter): Name = "Manufacturer"; Value = "STMicroelectronics"; VariantName = "[No Variations]"
Add component (AddParameter): Name = "Part Number"; Value = "STPS0520Z"; VariantName = "[No Variations]"
Add component (AddParameter): Name = "Value"; Value = "STPS0520Z"; VariantName = "[No Variations]"
Added Component: Designator=VD?(SOD-123)
Add component (AddParameter): Name = "ComponentLink1Description"; Value = "Database URL"; VariantName = "[No Variations]"
Add component (AddParameter): Name = "ComponentLink1URL"; Value = "http://el.udtech.dev/component/423/detail"; VariantName = "[No Variations]"
Add component (AddParameter): Name = "ID"; Value = "D-00009"; VariantName = "[No Variations]"
Add component (AddParameter): Name = "In Stock"; Value = "3"; VariantName = "[No Variations]"
Add component (AddParameter): Name = "Manufacturer"; Value = "STMicroelectronics"; VariantName = "[No Variations]"
Add component (AddParameter): Name = "Part Number"; Value = "STPS0520Z"; VariantName = "[No Variations]"
Add component (AddParameter): Name = "Value"; Value = "STPS0520Z"; VariantName = "[No Variations]"
Added Component: Designator=VD?(SOD-123)
Add component (AddParameter): Name = "ComponentLink1Description"; Value = "Database URL"; VariantName = "[No Variations]"
Add component (AddParameter): Name = "ComponentLink1URL"; Value = "http://el.udtech.dev/component/423/detail"; VariantName = "[No Variations]"
Add component (AddParameter): Name = "ID"; Value = "D-00009"; VariantName = "[No Variations]"
Add component (AddParameter): Name = "In Stock"; Value = "3"; VariantName = "[No Variations]"
Add component (AddParameter): Name = "Manufacturer"; Value = "STMicroelectronics"; VariantName = "[No Variations]"
Add component (AddParameter): Name = "Part Number"; Value = "STPS0520Z"; VariantName = "[No Variations]"
Add component (AddParameter): Name = "Value"; Value = "STPS0520Z"; VariantName = "[No Variations]"
Added Component: Designator=VD?(SOD-123)
Add component (AddParameter): Name = "ComponentLink1Description"; Value = "Database URL"; VariantName = "[No Variations]"
Add component (AddParameter): Name = "ComponentLink1URL"; Value = "http://el.udtech.dev/component/423/detail"; VariantName = "[No Variations]"
Add component (AddParameter): Name = "ID"; Value = "D-00009"; VariantName = "[No Variations]"
Add component (AddParameter): Name = "In Stock"; Value = "3"; VariantName = "[No Variations]"
Add component (AddParameter): Name = "Manufacturer"; Value = "STMicroelectronics"; VariantName = "[No Variations]"
Add component (AddParameter): Name = "Part Number"; Value = "STPS0520Z"; VariantName = "[No Variations]"
Add component (AddParameter): Name = "Value"; Value = "STPS0520Z"; VariantName = "[No Variations]"
Added Component: Designator=VD?(SOD-123)
Add component (AddParameter): Name = "ComponentLink1Description"; Value = "Database URL"; VariantName = "[No Variations]"
Add component (AddParameter): Name = "ComponentLink1URL"; Value = "http://el.udtech.dev/component/423/detail"; VariantName = "[No Variations]"
Add component (AddParameter): Name = "ID"; Value = "D-00009"; VariantName = "[No Variations]"
Add component (AddParameter): Name = "In Stock"; Value = "3"; VariantName = "[No Variations]"
Add component (AddParameter): Name = "Manufacturer"; Value = "STMicroelectronics"; VariantName = "[No Variations]"
Add component (AddParameter): Name = "Part Number"; Value = "STPS0520Z"; VariantName = "[No Variations]"
Add component (AddParameter): Name = "Value"; Value = "STPS0520Z"; VariantName = "[No Variations]"
Added Component: Designator=VD?(SOD-123)
Add component (AddParameter): Name = "ComponentLink1Description"; Value = "Database URL"; VariantName = "[No Variations]"
Add component (AddParameter): Name = "ComponentLink1URL"; Value = "http://el.udtech.dev/component/423/detail"; VariantName = "[No Variations]"
Add component (AddParameter): Name = "ID"; Value = "D-00009"; VariantName = "[No Variations]"
Add component (AddParameter): Name = "In Stock"; Value = "3"; VariantName = "[No Variations]"
Add component (AddParameter): Name = "Manufacturer"; Value = "STMicroelectronics"; VariantName = "[No Variations]"
Add component (AddParameter): Name = "Part Number"; Value = "STPS0520Z"; VariantName = "[No Variations]"
Add component (AddParameter): Name = "Value"; Value = "STPS0520Z"; VariantName = "[No Variations]"
Added Component: Designator=VD?(SOD-123)
Add component (AddParameter): Name = "ComponentLink1Description"; Value = "Database URL"; VariantName = "[No Variations]"
Add component (AddParameter): Name = "ComponentLink1URL"; Value = "http://el.udtech.dev/component/423/detail"; VariantName = "[No Variations]"
Add component (AddParameter): Name = "ID"; Value = "D-00009"; VariantName = "[No Variations]"
Add component (AddParameter): Name = "In Stock"; Value = "3"; VariantName = "[No Variations]"
Add component (AddParameter): Name = "Manufacturer"; Value = "STMicroelectronics"; VariantName = "[No Variations]"
Add component (AddParameter): Name = "Part Number"; Value = "STPS0520Z"; VariantName = "[No Variations]"
Add component (AddParameter): Name = "Value"; Value = "STPS0520Z"; VariantName = "[No Variations]"
Added Component: Designator=VD?(SOD-123)
Add component (AddParameter): Name = "ComponentLink1Description"; Value = "Database URL"; VariantName = "[No Variations]"
Add component (AddParameter): Name = "ComponentLink1URL"; Value = "http://el.udtech.dev/component/423/detail"; VariantName = "[No Variations]"
Add component (AddParameter): Name = "ID"; Value = "D-00009"; VariantName = "[No Variations]"
Add component (AddParameter): Name = "In Stock"; Value = "3"; VariantName = "[No Variations]"
Add component (AddParameter): Name = "Manufacturer"; Value = "STMicroelectronics"; VariantName = "[No Variations]"
Add component (AddParameter): Name = "Part Number"; Value = "STPS0520Z"; VariantName = "[No Variations]"
Add component (AddParameter): Name = "Value"; Value = "STPS0520Z"; VariantName = "[No Variations]"
Added Component: Designator=VD?(SOD-123)
Add component (AddParameter): Name = "ComponentLink1Description"; Value = "Database URL"; VariantName = "[No Variations]"
Add component (AddParameter): Name = "ComponentLink1URL"; Value = "http://el.udtech.dev/component/423/detail"; VariantName = "[No Variations]"
Add component (AddParameter): Name = "ID"; Value = "D-00009"; VariantName = "[No Variations]"
Add component (AddParameter): Name = "In Stock"; Value = "3"; VariantName = "[No Variations]"
Add component (AddParameter): Name = "Manufacturer"; Value = "STMicroelectronics"; VariantName = "[No Variations]"
Add component (AddParameter): Name = "Part Number"; Value = "STPS0520Z"; VariantName = "[No Variations]"
Add component (AddParameter): Name = "Value"; Value = "STPS0520Z"; VariantName = "[No Variations]"
Added Component: Designator=VT7(TO-92)
Added Component: Designator=VT10(TO-92)
Added Component: Designator=VT14(SOT23-3)
Added Component: Designator=VT?(SOT23-3)
Added Component: Designator=VT?(SOT23-3)
Added Component: Designator=VT?(SOT23-3)
Added Component: Designator=VT?(SOT23-3)
Added Component: Designator=VT?(SOT23-3)
Added Component: Designator=VT?(SOT23-3)
Added Component: Designator=VT?(SOT23-3)
Added Component: Designator=VT?(SOT23-3)
Added Component: Designator=VT?(SOT23-3)
Added Component: Designator=VT?(SOT23-3)
Added Component: Designator=VT?(SOT23-3)
Added Component: Designator=VT?(SOT23-3)
Added Component: Designator=VT?(SOT23-3)
Added Component: Designator=VT?(SOT23-3)
Added Component: Designator=VT?(SOT23-3)
Added Component: Designator=VT?(SOT23-3)
Added Component: Designator=X?(CONN-PLS-4-2.54mm)
Add component (AddParameter): Name = "ComponentLink1Description"; Value = "Database URL"; VariantName = "[No Variations]"
Add component (AddParameter): Name = "ComponentLink1URL"; Value = "http://el.udtech.dev/component/23/detail"; VariantName = "[No Variations]"
Add component (AddParameter): Name = "ID"; Value = "X-00003"; VariantName = "[No Variations]"
Add component (AddParameter): Name = "In Stock"; Value = "50"; VariantName = "[No Variations]"
Add component (AddParameter): Name = "Part Number"; Value = "PLS-4"; VariantName = "[No Variations]"
Add component (AddParameter): Name = "Value"; Value = "PLS-4"; VariantName = "[No Variations]"
Added Component: Designator=X?(CONN-PLS-4-2.54mm)
Add component (AddParameter): Name = "ComponentLink1Description"; Value = "Database URL"; VariantName = "[No Variations]"
Add component (AddParameter): Name = "ComponentLink1URL"; Value = "http://el.udtech.dev/component/23/detail"; VariantName = "[No Variations]"
Add component (AddParameter): Name = "ID"; Value = "X-00003"; VariantName = "[No Variations]"
Add component (AddParameter): Name = "In Stock"; Value = "50"; VariantName = "[No Variations]"
Add component (AddParameter): Name = "Part Number"; Value = "PLS-4"; VariantName = "[No Variations]"
Add component (AddParameter): Name = "Value"; Value = "PLS-4"; VariantName = "[No Variations]"
Added Component: Designator=X?(CONN-PLS-4-2.54mm)
Add component (AddParameter): Name = "ComponentLink1Description"; Value = "Database URL"; VariantName = "[No Variations]"
Add component (AddParameter): Name = "ComponentLink1URL"; Value = "http://el.udtech.dev/component/23/detail"; VariantName = "[No Variations]"
Add component (AddParameter): Name = "ID"; Value = "X-00003"; VariantName = "[No Variations]"
Add component (AddParameter): Name = "In Stock"; Value = "50"; VariantName = "[No Variations]"
Add component (AddParameter): Name = "Part Number"; Value = "PLS-4"; VariantName = "[No Variations]"
Add component (AddParameter): Name = "Value"; Value = "PLS-4"; VariantName = "[No Variations]"
Added Pin To Net: NetName=+9DD Pin=D1-14
Added Pin To Net: NetName=+9DD Pin=D2-14
Added Pin To Net: NetName=+9DD Pin=D4-14
Added Net: Name=+9DD
Added Pin To Net: NetName=-9V Pin=C8-2
Added Pin To Net: NetName=-9V Pin=C9-2
Added Pin To Net: NetName=-9V Pin=C11-2
Added Pin To Net: NetName=-9V Pin=C12-2
Added Pin To Net: NetName=-9V Pin=C13-2
Added Pin To Net: NetName=-9V Pin=C14-2
Added Pin To Net: NetName=-9V Pin=C?-2
Added Pin To Net: NetName=-9V Pin=C?-2
Added Pin To Net: NetName=-9V Pin=D5-6
Added Pin To Net: NetName=-9V Pin=D8-6
Added Pin To Net: NetName=-9V Pin=D9-6
Added Pin To Net: NetName=-9V Pin=D10-6
Added Pin To Net: NetName=-9V Pin=D11-6
Added Pin To Net: NetName=-9V Pin=D12-6
Added Pin To Net: NetName=-9V Pin=D13-6
Added Pin To Net: NetName=-9V Pin=D14-6
Added Pin To Net: NetName=-9V Pin=X?-1
Added Net: Name=-9V
Added Pin To Net: NetName=1_IN Pin=DD1-3
Added Pin To Net: NetName=1_IN Pin=DD1-3
Added Pin To Net: NetName=1_IN Pin=X?-1
Added Net: Name=1_IN
Added Pin To Net: NetName=3_+9V Pin=X?-3
Added Net: Name=3_+9V
Added Pin To Net: NetName=6_U_OP Pin=X?-2
Added Net: Name=6_U_OP
Added Pin To Net: NetName=7_IN_SHUM Pin=X?-3
Added Net: Name=7_IN_SHUM
Added Pin To Net: NetName=8_OUT Pin=X?-4
Added Net: Name=8_OUT
Added Pin To Net: NetName=10_OUT Pin=DD?-3
Added Pin To Net: NetName=10_OUT Pin=DD?-3
Added Pin To Net: NetName=10_OUT Pin=X?-1
Added Net: Name=10_OUT
Added Pin To Net: NetName=GND Pin=D1-7
Added Pin To Net: NetName=GND Pin=D2-7
Added Pin To Net: NetName=GND Pin=D4-7
Added Pin To Net: NetName=GND Pin=DD1-1
Added Pin To Net: NetName=GND Pin=DD1-1
Added Pin To Net: NetName=GND Pin=DD1-2
Added Pin To Net: NetName=GND Pin=DD1-2
Added Pin To Net: NetName=GND Pin=DD?-1
Added Pin To Net: NetName=GND Pin=DD?-1
Added Pin To Net: NetName=GND Pin=DD?-2
Added Pin To Net: NetName=GND Pin=DD?-2
Added Pin To Net: NetName=GND Pin=X?-2
Added Pin To Net: NetName=GND Pin=X?-2
Added Pin To Net: NetName=GND Pin=X?-3
Added Pin To Net: NetName=GND Pin=X?-4
Added Pin To Net: NetName=GND Pin=X?-4
Added Net: Name=GND
Added Pin To Net: NetName=NetC8_1 Pin=C8-1
Added Pin To Net: NetName=NetC8_1 Pin=D8-11
Added Net: Name=NetC8_1
Added Pin To Net: NetName=NetC9_1 Pin=C9-1
Added Pin To Net: NetName=NetC9_1 Pin=D9-11
Added Net: Name=NetC9_1
Added Pin To Net: NetName=NetC11_1 Pin=C11-1
Added Pin To Net: NetName=NetC11_1 Pin=D13-11
Added Net: Name=NetC11_1
Added Pin To Net: NetName=NetC12_1 Pin=C12-1
Added Pin To Net: NetName=NetC12_1 Pin=D14-11
Added Net: Name=NetC12_1
Added Pin To Net: NetName=NetC13_1 Pin=C13-1
Added Pin To Net: NetName=NetC13_1 Pin=D5-11
Added Net: Name=NetC13_1
Added Pin To Net: NetName=NetC14_1 Pin=C14-1
Added Pin To Net: NetName=NetC14_1 Pin=D12-11
Added Net: Name=NetC14_1
Added Pin To Net: NetName=NetC?_1 Pin=C?-1
Added Pin To Net: NetName=NetC?_1 Pin=D10-11
Added Net: Name=NetC?_1
Add Net: Net with name "NetC?_1" already exists
Added Pin To Net: NetName=NetVD?_1 Pin=VD?-1
Added Pin To Net: NetName=NetVD?_1 Pin=VD?-2
Added Net: Name=NetVD?_1
Add Net: Net with name "NetVD?_1" already exists
Add Net: Net with name "NetVD?_1" already exists
Add Net: Net with name "NetVD?_1" already exists
Add Net: Net with name "NetVD?_1" already exists
Add Net: Net with name "NetVD?_1" already exists
Add Net: Net with name "NetVD?_1" already exists
Add Net: Net with name "NetVD?_1" already exists
Add Net: Net with name "NetVD?_1" already exists
Add Net: Net with name "NetVD?_1" already exists
Add Net: Net with name "NetVD?_1" already exists
Add Net: Net with name "NetVD?_1" already exists
Add Net: Net with name "NetVD?_1" already exists
Add Net: Net with name "NetVD?_1" already exists
Add Net: Net with name "NetVD?_1" already exists
Add Net: Net with name "NetVD?_1" already exists
Add Net: Net with name "NetVD?_1" already exists
Add Net: Net with name "NetVD?_1" already exists
