Removed Pin From Net: NetName=GND Pin=CON1-2
Removed Pin From Net: NetName=GND Pin=CON1-2
Removed Pin From Net: NetName=GND Pin=CON2-2
Removed Pin From Net: NetName=GND Pin=CON2-2
Added Component: Designator=CON3(6.3_Audio_Jack)
Added Component: Designator=TP19(Test_Point)
Added Component: Designator=TP20(Test_Point)
Added Component: Designator=TP21(Test_Point)
Added Component: Designator=TP22(Test_Point)
Added Component: Designator=TP23(Test_Point)
Added Component: Designator=TP24(Test_Point)
Added Component: Designator=TP25(Test_Point)
Added Component: Designator=TP26(Test_Point)
Added Pin To Net: NetName=OUT Pin=TP19-1
Added Pin To Net: NetName=GND Pin=TP21-1
Added Pin To Net: NetName=IN Pin=TP23-1
Added Pin To Net: NetName=NetCON1_2 Pin=CON1-2
Added Pin To Net: NetName=NetCON1_2 Pin=CON1-2
Added Pin To Net: NetName=NetCON1_2 Pin=TP22-1
Added Net: Name=NetCON1_2
Added Pin To Net: NetName=NetCON2_2 Pin=CON2-2
Added Pin To Net: NetName=NetCON2_2 Pin=CON2-2
Added Pin To Net: NetName=NetCON2_2 Pin=TP20-1
Added Net: Name=NetCON2_2
Added Pin To Net: NetName=NetCON3_1 Pin=CON3-1
Added Pin To Net: NetName=NetCON3_1 Pin=CON3-1
Added Pin To Net: NetName=NetCON3_1 Pin=TP26-1
Added Net: Name=NetCON3_1
Added Pin To Net: NetName=NetCON3_2 Pin=CON3-2
Added Pin To Net: NetName=NetCON3_2 Pin=CON3-2
Added Pin To Net: NetName=NetCON3_2 Pin=TP25-1
Added Net: Name=NetCON3_2
Added Pin To Net: NetName=NetCON3_3 Pin=CON3-3
Added Pin To Net: NetName=NetCON3_3 Pin=CON3-3
Added Pin To Net: NetName=NetCON3_3 Pin=TP24-1
Added Net: Name=NetCON3_3
